<?xml version="1.0" encoding="UTF-8"?>
<testng-results skipped="0" failed="0" ignored="0" total="1" passed="1">
  <reporter-output>
  </reporter-output>
  <suite name="BDD Test Suite" duration-ms="15187" started-at="2020-12-15T06:43:44Z" finished-at="2020-12-15T06:43:59Z">
    <groups>
      <group name="cucumber">
        <method signature="AbstractTestNGCucumberTests.runScenario(io.cucumber.testng.PickleWrapper, io.cucumber.testng.FeatureWrapper)[pri:0, instance:runner.CucumberRunner@61832929]" name="runScenario" class="io.cucumber.testng.AbstractTestNGCucumberTests"/>
      </group> <!-- cucumber -->
    </groups>
    <test name="regression" duration-ms="15187" started-at="2020-12-15T06:43:44Z" finished-at="2020-12-15T06:43:59Z">
      <class name="runner.CucumberRunner">
        <test-method status="PASS" signature="setUp()[pri:0, instance:runner.CucumberRunner@61832929]" name="setUp" is-config="true" duration-ms="5939" started-at="2020-12-15T06:43:38Z" finished-at="2020-12-15T06:43:44Z">
          <reporter-output>
          </reporter-output>
        </test-method> <!-- setUp -->
        <test-method status="PASS" signature="setUpClass()[pri:0, instance:runner.CucumberRunner@61832929]" name="setUpClass" is-config="true" duration-ms="490" started-at="2020-12-15T06:43:44Z" finished-at="2020-12-15T06:43:44Z">
          <reporter-output>
          </reporter-output>
        </test-method> <!-- setUpClass -->
        <test-method status="PASS" signature="setup()[pri:0, instance:runner.CucumberRunner@61832929]" name="setup" is-config="true" duration-ms="0" started-at="2020-12-15T06:43:44Z" finished-at="2020-12-15T06:43:44Z">
          <reporter-output>
          </reporter-output>
        </test-method> <!-- setup -->
        <test-method status="PASS" signature="openBrowser()[pri:0, instance:runner.CucumberRunner@61832929]" name="openBrowser" is-config="true" duration-ms="3647" started-at="2020-12-15T06:43:44Z" finished-at="2020-12-15T06:43:48Z">
          <reporter-output>
          </reporter-output>
        </test-method> <!-- openBrowser -->
        <test-method status="PASS" signature="runScenario(io.cucumber.testng.PickleWrapper, io.cucumber.testng.FeatureWrapper)[pri:0, instance:runner.CucumberRunner@61832929]" name="runScenario" duration-ms="8514" started-at="2020-12-15T06:43:48Z" description="Runs Cucumber Scenarios" data-provider="scenarios" finished-at="2020-12-15T06:43:56Z">
          <params>
            <param index="0">
              <value>
                <![CDATA["Practice Form"]]>
              </value>
            </param>
            <param index="1">
              <value>
                <![CDATA["Optional[Practice Form]"]]>
              </value>
            </param>
          </params>
          <reporter-output>
          </reporter-output>
        </test-method> <!-- runScenario -->
        <test-method status="PASS" signature="tearDown(org.testng.ITestResult)[pri:0, instance:runner.CucumberRunner@61832929]" name="tearDown" is-config="true" duration-ms="1" started-at="2020-12-15T06:43:56Z" finished-at="2020-12-15T06:43:56Z">
          <params>
            <param index="0">
              <value>
                <![CDATA[[TestResult name=runScenario status=SUCCESS method=AbstractTestNGCucumberTests.runScenario(io.cucumber.testng.PickleWrapper, io.cucumber.testng.FeatureWrapper)[pri:0, instance:runner.CucumberRunner@61832929] output={null}]]]>
              </value>
            </param>
          </params>
          <reporter-output>
          </reporter-output>
        </test-method> <!-- tearDown -->
        <test-method status="PASS" signature="closeBrowser()[pri:0, instance:runner.CucumberRunner@61832929]" name="closeBrowser" is-config="true" duration-ms="206" started-at="2020-12-15T06:43:56Z" finished-at="2020-12-15T06:43:57Z">
          <reporter-output>
          </reporter-output>
        </test-method> <!-- closeBrowser -->
        <test-method status="PASS" signature="tearDownClass()[pri:0, instance:runner.CucumberRunner@61832929]" name="tearDownClass" is-config="true" duration-ms="2309" started-at="2020-12-15T06:43:57Z" finished-at="2020-12-15T06:43:59Z">
          <reporter-output>
          </reporter-output>
        </test-method> <!-- tearDownClass -->
        <test-method status="PASS" signature="generateHTMLReports()[pri:0, instance:runner.CucumberRunner@61832929]" name="generateHTMLReports" is-config="true" duration-ms="1118" started-at="2020-12-15T06:43:59Z" finished-at="2020-12-15T06:44:00Z">
          <reporter-output>
          </reporter-output>
        </test-method> <!-- generateHTMLReports -->
      </class> <!-- runner.CucumberRunner -->
    </test> <!-- regression -->
  </suite> <!-- BDD Test Suite -->
</testng-results>
